<?xml version="1.0" encoding="UTF-8"?>
<!-- Generated by org.testng.reporters.JUnitReportReporter -->
<testsuite hostname="BDC8-LX-84202KW" name="test1.jenkinsIntegration" tests="1" failures="0" timestamp="26 Mar 2019 06:09:02 GMT" time="0.007" errors="0">
  <testcase name="f" time="0.007" classname="test1.jenkinsIntegration"/>
</testsuite> <!-- test1.jenkinsIntegration -->
